[31m2024-04-17 07:12:40,505[0;39m [32m[INFO][0;39m mybank.dao.mybankdeposits.MybankDepositsApplication restartedMain [32mStarting MybankDepositsApplication using Java 1.8.0_292 on WPF45CNXG with PID 5224 (C:\DLTE-JavaFullStack-Nishmitha-2024\MyBank-Project\mybank-deposits\target\classes started by xxshettn in C:\DLTE-JavaFullStack-Nishmitha-2024\MyBank-Project\mybank-deposits)
[0;39m[31m2024-04-17 07:12:40,522[0;39m [32m[INFO][0;39m mybank.dao.mybankdeposits.MybankDepositsApplication restartedMain [32mNo active profile set, falling back to 1 default profile: "default"
[0;39m[31m2024-04-17 07:12:40,647[0;39m [32m[INFO][0;39m org.springframework.boot.devtools.restart.ChangeableUrls restartedMain [32mThe Class-Path manifest attribute in C:\Users\xxshettn\.m2\repository\com\oracle\database\security\oraclepki\21.5.0.0\oraclepki-21.5.0.0.jar referenced one or more files that do not exist: file:/C:/Users/xxshettn/.m2/repository/com/oracle/database/security/oraclepki/21.5.0.0/osdt_core.jar,file:/C:/Users/xxshettn/.m2/repository/com/oracle/database/security/oraclepki/21.5.0.0/osdt_cert.jar,file:/C:/Users/xxshettn/.m2/repository/com/oracle/database/security/oraclepki/oracle.osdt/osdt_core.jar,file:/C:/Users/xxshettn/.m2/repository/com/oracle/database/security/oraclepki/oracle.osdt/osdt_cert.jar
[0;39m[31m2024-04-17 07:12:40,647[0;39m [32m[INFO][0;39m org.springframework.boot.devtools.env.DevToolsPropertyDefaultsPostProcessor restartedMain [32mDevtools property defaults active! Set 'spring.devtools.add-properties' to 'false' to disable
[0;39m[31m2024-04-17 07:12:40,647[0;39m [32m[INFO][0;39m org.springframework.boot.devtools.env.DevToolsPropertyDefaultsPostProcessor restartedMain [32mFor additional web related logging consider setting the 'logging.level.web' property to 'DEBUG'
[0;39m[31m2024-04-17 07:12:42,098[0;39m [32m[INFO][0;39m org.springframework.data.repository.config.RepositoryConfigurationDelegate restartedMain [32mBootstrapping Spring Data JDBC repositories in DEFAULT mode.
[0;39m[31m2024-04-17 07:12:42,114[0;39m [32m[INFO][0;39m org.springframework.data.repository.config.RepositoryConfigurationDelegate restartedMain [32mFinished Spring Data repository scanning in 11 ms. Found 0 JDBC repository interfaces.
[0;39m[31m2024-04-17 07:12:42,874[0;39m [32m[INFO][0;39m org.springframework.boot.web.embedded.tomcat.TomcatWebServer restartedMain [32mTomcat initialized with port(s): 8082 (http)
[0;39m[31m2024-04-17 07:12:42,889[0;39m [32m[INFO][0;39m org.apache.catalina.core.StandardService restartedMain [32mStarting service [Tomcat]
[0;39m[31m2024-04-17 07:12:42,889[0;39m [32m[INFO][0;39m org.apache.catalina.core.StandardEngine restartedMain [32mStarting Servlet engine: [Apache Tomcat/9.0.73]
[0;39m[31m2024-04-17 07:12:43,015[0;39m [32m[INFO][0;39m org.apache.catalina.core.ContainerBase.[Tomcat].[localhost].[/] restartedMain [32mInitializing Spring embedded WebApplicationContext
[0;39m[31m2024-04-17 07:12:43,015[0;39m [32m[INFO][0;39m org.springframework.boot.web.servlet.context.ServletWebServerApplicationContext restartedMain [32mRoot WebApplicationContext: initialization completed in 2368 ms
[0;39m[31m2024-04-17 07:12:43,695[0;39m [32m[INFO][0;39m com.zaxxer.hikari.HikariDataSource restartedMain [32mHikariPool-1 - Starting...
[0;39m[31m2024-04-17 07:12:43,695[0;39m [32m[WARN][0;39m com.zaxxer.hikari.util.DriverDataSource restartedMain [32mRegistered driver with driverClassName=oracle.jdbc.driver.OracleDriver was not found, trying direct instantiation.
[0;39m[31m2024-04-17 07:12:43,805[0;39m [32m[INFO][0;39m com.zaxxer.hikari.pool.PoolBase restartedMain [32mHikariPool-1 - Driver does not support get/set network timeout for connections. (oracle.jdbc.driver.T4CConnection.getNetworkTimeout()I)
[0;39m[31m2024-04-17 07:12:43,806[0;39m [32m[INFO][0;39m com.zaxxer.hikari.HikariDataSource restartedMain [32mHikariPool-1 - Start completed.
[0;39m[31m2024-04-17 07:12:44,042[0;39m [32m[INFO][0;39m org.springframework.security.web.DefaultSecurityFilterChain restartedMain [32mWill secure any request with [org.springframework.security.web.session.DisableEncodeUrlFilter@4e08f1e2, org.springframework.security.web.context.request.async.WebAsyncManagerIntegrationFilter@4fab35b8, org.springframework.security.web.context.SecurityContextPersistenceFilter@cebfcbc, org.springframework.security.web.header.HeaderWriterFilter@6de31959, org.springframework.security.web.csrf.CsrfFilter@37a5d5ba, org.springframework.security.web.authentication.logout.LogoutFilter@5477b4fa, org.springframework.security.web.authentication.UsernamePasswordAuthenticationFilter@4ea4bed8, org.springframework.security.web.authentication.ui.DefaultLoginPageGeneratingFilter@2b65b8de, org.springframework.security.web.authentication.ui.DefaultLogoutPageGeneratingFilter@5d5292f0, org.springframework.security.web.authentication.www.BasicAuthenticationFilter@6d25cbae, org.springframework.security.web.savedrequest.RequestCacheAwareFilter@6dff70a5, org.springframework.security.web.servletapi.SecurityContextHolderAwareRequestFilter@7f0c0ea9, org.springframework.security.web.authentication.AnonymousAuthenticationFilter@5283ab93, org.springframework.security.web.session.SessionManagementFilter@6f7cac9c, org.springframework.security.web.access.ExceptionTranslationFilter@7ae5665d, org.springframework.security.web.access.intercept.FilterSecurityInterceptor@49be3b45]
[0;39m[31m2024-04-17 07:12:44,090[0;39m [32m[WARN][0;39m org.springframework.boot.devtools.autoconfigure.OptionalLiveReloadServer restartedMain [32mUnable to start LiveReload server
[0;39m[31m2024-04-17 07:12:44,151[0;39m [32m[WARN][0;39m org.springframework.boot.web.servlet.context.AnnotationConfigServletWebServerApplicationContext restartedMain [32mException encountered during context initialization - cancelling refresh attempt: org.springframework.context.ApplicationContextException: Failed to start bean 'webServerStartStop'; nested exception is org.springframework.boot.web.server.PortInUseException: Port 8082 is already in use
[0;39m[31m2024-04-17 07:12:44,151[0;39m [32m[INFO][0;39m com.zaxxer.hikari.HikariDataSource restartedMain [32mHikariPool-1 - Shutdown initiated...
[0;39m[31m2024-04-17 07:12:44,168[0;39m [32m[INFO][0;39m com.zaxxer.hikari.HikariDataSource restartedMain [32mHikariPool-1 - Shutdown completed.
[0;39m[31m2024-04-17 07:12:44,168[0;39m [32m[INFO][0;39m org.apache.catalina.core.StandardService restartedMain [32mStopping service [Tomcat]
[0;39m[31m2024-04-17 07:12:44,189[0;39m [32m[INFO][0;39m org.springframework.boot.autoconfigure.logging.ConditionEvaluationReportLoggingListener restartedMain [32m

Error starting ApplicationContext. To display the conditions report re-run your application with 'debug' enabled.
[0;39m[31m2024-04-17 07:12:44,198[0;39m [32m[ERROR][0;39m org.springframework.boot.diagnostics.LoggingFailureAnalysisReporter restartedMain [32m

***************************
APPLICATION FAILED TO START
***************************

Description:

Web server failed to start. Port 8082 was already in use.

Action:

Identify and stop the process that's listening on port 8082 or configure this application to listen on another port.

[0;39m[31m2024-04-17 07:12:58,140[0;39m [32m[INFO][0;39m mybank.dao.mybankdeposits.MybankDepositsApplication restartedMain [32mStarting MybankDepositsApplication using Java 1.8.0_292 on WPF45CNXG with PID 29916 (C:\DLTE-JavaFullStack-Nishmitha-2024\MyBank-Project\mybank-deposits\target\classes started by xxshettn in C:\DLTE-JavaFullStack-Nishmitha-2024\MyBank-Project\mybank-deposits)
[0;39m[31m2024-04-17 07:12:58,140[0;39m [32m[INFO][0;39m mybank.dao.mybankdeposits.MybankDepositsApplication restartedMain [32mNo active profile set, falling back to 1 default profile: "default"
[0;39m[31m2024-04-17 07:12:58,234[0;39m [32m[INFO][0;39m org.springframework.boot.devtools.restart.ChangeableUrls restartedMain [32mThe Class-Path manifest attribute in C:\Users\xxshettn\.m2\repository\com\oracle\database\security\oraclepki\21.5.0.0\oraclepki-21.5.0.0.jar referenced one or more files that do not exist: file:/C:/Users/xxshettn/.m2/repository/com/oracle/database/security/oraclepki/21.5.0.0/osdt_core.jar,file:/C:/Users/xxshettn/.m2/repository/com/oracle/database/security/oraclepki/21.5.0.0/osdt_cert.jar,file:/C:/Users/xxshettn/.m2/repository/com/oracle/database/security/oraclepki/oracle.osdt/osdt_core.jar,file:/C:/Users/xxshettn/.m2/repository/com/oracle/database/security/oraclepki/oracle.osdt/osdt_cert.jar
[0;39m[31m2024-04-17 07:12:58,234[0;39m [32m[INFO][0;39m org.springframework.boot.devtools.env.DevToolsPropertyDefaultsPostProcessor restartedMain [32mDevtools property defaults active! Set 'spring.devtools.add-properties' to 'false' to disable
[0;39m[31m2024-04-17 07:12:58,251[0;39m [32m[INFO][0;39m org.springframework.boot.devtools.env.DevToolsPropertyDefaultsPostProcessor restartedMain [32mFor additional web related logging consider setting the 'logging.level.web' property to 'DEBUG'
[0;39m[31m2024-04-17 07:12:59,355[0;39m [32m[INFO][0;39m org.springframework.data.repository.config.RepositoryConfigurationDelegate restartedMain [32mBootstrapping Spring Data JDBC repositories in DEFAULT mode.
[0;39m[31m2024-04-17 07:12:59,371[0;39m [32m[INFO][0;39m org.springframework.data.repository.config.RepositoryConfigurationDelegate restartedMain [32mFinished Spring Data repository scanning in 10 ms. Found 0 JDBC repository interfaces.
[0;39m[31m2024-04-17 07:13:00,093[0;39m [32m[INFO][0;39m org.springframework.boot.web.embedded.tomcat.TomcatWebServer restartedMain [32mTomcat initialized with port(s): 8082 (http)
[0;39m[31m2024-04-17 07:13:00,100[0;39m [32m[INFO][0;39m org.apache.catalina.core.StandardService restartedMain [32mStarting service [Tomcat]
[0;39m[31m2024-04-17 07:13:00,100[0;39m [32m[INFO][0;39m org.apache.catalina.core.StandardEngine restartedMain [32mStarting Servlet engine: [Apache Tomcat/9.0.73]
[0;39m[31m2024-04-17 07:13:00,214[0;39m [32m[INFO][0;39m org.apache.catalina.core.ContainerBase.[Tomcat].[localhost].[/] restartedMain [32mInitializing Spring embedded WebApplicationContext
[0;39m[31m2024-04-17 07:13:00,214[0;39m [32m[INFO][0;39m org.springframework.boot.web.servlet.context.ServletWebServerApplicationContext restartedMain [32mRoot WebApplicationContext: initialization completed in 1963 ms
[0;39m[31m2024-04-17 07:13:00,747[0;39m [32m[INFO][0;39m com.zaxxer.hikari.HikariDataSource restartedMain [32mHikariPool-1 - Starting...
[0;39m[31m2024-04-17 07:13:00,747[0;39m [32m[WARN][0;39m com.zaxxer.hikari.util.DriverDataSource restartedMain [32mRegistered driver with driverClassName=oracle.jdbc.driver.OracleDriver was not found, trying direct instantiation.
[0;39m[31m2024-04-17 07:13:00,857[0;39m [32m[INFO][0;39m com.zaxxer.hikari.pool.PoolBase restartedMain [32mHikariPool-1 - Driver does not support get/set network timeout for connections. (oracle.jdbc.driver.T4CConnection.getNetworkTimeout()I)
[0;39m[31m2024-04-17 07:13:00,872[0;39m [32m[INFO][0;39m com.zaxxer.hikari.HikariDataSource restartedMain [32mHikariPool-1 - Start completed.
[0;39m[31m2024-04-17 07:13:01,134[0;39m [32m[INFO][0;39m org.springframework.security.web.DefaultSecurityFilterChain restartedMain [32mWill secure any request with [org.springframework.security.web.session.DisableEncodeUrlFilter@f2a210f, org.springframework.security.web.context.request.async.WebAsyncManagerIntegrationFilter@36d8c388, org.springframework.security.web.context.SecurityContextPersistenceFilter@5bd118f9, org.springframework.security.web.header.HeaderWriterFilter@362a871c, org.springframework.security.web.csrf.CsrfFilter@4c0fff84, org.springframework.security.web.authentication.logout.LogoutFilter@492c6351, org.springframework.security.web.authentication.UsernamePasswordAuthenticationFilter@16b20360, org.springframework.security.web.authentication.ui.DefaultLoginPageGeneratingFilter@1df2131, org.springframework.security.web.authentication.ui.DefaultLogoutPageGeneratingFilter@3b4bfb92, org.springframework.security.web.authentication.www.BasicAuthenticationFilter@6776da16, org.springframework.security.web.savedrequest.RequestCacheAwareFilter@3802db75, org.springframework.security.web.servletapi.SecurityContextHolderAwareRequestFilter@5981b578, org.springframework.security.web.authentication.AnonymousAuthenticationFilter@59475aa5, org.springframework.security.web.session.SessionManagementFilter@2dc5e433, org.springframework.security.web.access.ExceptionTranslationFilter@7eb148bf, org.springframework.security.web.access.intercept.FilterSecurityInterceptor@303d9526]
[0;39m[31m2024-04-17 07:13:01,176[0;39m [32m[INFO][0;39m org.springframework.boot.devtools.autoconfigure.OptionalLiveReloadServer restartedMain [32mLiveReload server is running on port 35729
[0;39m[31m2024-04-17 07:13:01,215[0;39m [32m[INFO][0;39m org.springframework.boot.web.embedded.tomcat.TomcatWebServer restartedMain [32mTomcat started on port(s): 8082 (http) with context path ''
[0;39m[31m2024-04-17 07:13:01,222[0;39m [32m[INFO][0;39m mybank.dao.mybankdeposits.MybankDepositsApplication restartedMain [32mStarted MybankDepositsApplication in 3.79 seconds (JVM running for 4.77)
[0;39m