07:06:58.525 [main] INFO  App.class - Employee details displayed successfully!
07:08:22.999 [main] INFO  App.class - Employee details having same pincode displayed successfully!
07:08:44.418 [main] INFO  App.class - Employee details having same pincode displayed successfully!
07:10:07.353 [main] INFO  App.class - Employee details having same pincode displayed successfully!
07:11:54.759 [main] INFO  App.class - Employee details having same pincode displayed successfully!
07:31:54.655 [main] INFO  App.class - Employee details having same pincode displayed successfully!
07:32:00.224 [main] INFO  App.class - Employee details displayed successfully!
07:32:55.311 [main] INFO  App.class - Employee details displayed successfully!
07:33:28.684 [main] INFO  App.class - Employee details displayed successfully!
07:39:26.749 [main] INFO  App.class - Employee details displayed successfully!
07:39:39.226 [main] INFO  App.class - Employee details having same pincode displayed successfully!
09:02:58.580 [main] INFO  App.class - Translation done
09:02:58.580 [main] INFO  App.class - Employee details saved
09:03:02.779 [main] INFO  App.class - Employee details inserted successfully!
09:03:28.385 [main] WARN  App.class - Invalid Employee ID. Employee ID must contain numbers only
09:03:39.897 [main] INFO  App.class - Invalid mobile number entered
09:04:04.719 [main] INFO  App.class - Translation done
09:04:04.804 [main] INFO  App.class - Employee details saved
09:04:06.960 [main] INFO  App.class - Employee details inserted successfully!
10:35:11.404 [main] INFO  App.class - Translation done
10:35:11.451 [main] INFO  App.class - Employee details saved
10:35:13.495 [main] INFO  App.class - Employee details inserted successfully!
10:41:46.775 [main] INFO  App.class - Translation done
10:43:54.511 [main] INFO  App.class - Employee details displayed successfully!
10:44:09.492 [main] INFO  App.class - Employee details having same pincode displayed successfully!
10:44:16.225 [main] INFO  App.class - Employee details having same pincode displayed successfully!
11:05:52.574 [main] INFO  App.class - Employee details displayed successfully!
